2020-07-17 10:40:38,121 [      0]   INFO -        #com.intellij.idea.Main - ------------------------------------------------------ IDE STARTED ------------------------------------------------------ 
2020-07-17 10:40:38,151 [     30]   INFO -        #com.intellij.idea.Main - initializing environment 
2020-07-17 10:40:38,167 [     46]   INFO - .intellij.util.EnvironmentUtil - loading shell env: /bin/bash -l -i -c '/Users/wangwei/.gradle/caches/modules-2/files-2.1/com.jetbrains.intellij.idea/ideaIC/2019.2.3/654e395e5806d1f0a4741d2f324e48012be56949/ideaIC-2019.2.3/bin/printenv.py' '/private/var/folders/8y/bshkx5hs739gh85tx4tr8fyc0000gn/T/intellij-shell-env.tmp' 
2020-07-17 10:40:38,217 [     96]   INFO -        #com.intellij.idea.Main - IDE: IntelliJ IDEA (build #IC-192.6817.14, 24 Sep 2019 05:39) 
2020-07-17 10:40:38,217 [     96]   INFO -        #com.intellij.idea.Main - OS: Mac OS X (10.14.6, x86_64) 
2020-07-17 10:40:38,217 [     96]   INFO -        #com.intellij.idea.Main - JRE: 11.0.4+10-b304.69 (JetBrains s.r.o) 
2020-07-17 10:40:38,217 [     96]   INFO -        #com.intellij.idea.Main - JVM: 11.0.4+10-b304.69 (OpenJDK 64-Bit Server VM) 
2020-07-17 10:40:38,217 [     96]   INFO -        #com.intellij.idea.Main - JVM Args: -Dapple.awt.fileDialogForDirectories=true -Dapple.laf.useScreenMenuBar=true -Didea.auto.reload.plugins=true -Didea.classpath.index.enabled=false -Didea.config.path=/Users/wangwei/Downloads/gerkin-refectoring/build/idea-sandbox/config -Didea.is.internal=true -Didea.platform.prefix=Idea -Didea.plugins.path=/Users/wangwei/Downloads/gerkin-refectoring/build/idea-sandbox/plugins -Didea.required.plugins.id=gerkin-refecforing.untitled -Didea.smooth.progress=false -Didea.system.path=/Users/wangwei/Downloads/gerkin-refectoring/build/idea-sandbox/system -Xms256m -Xmx512m -Dfile.encoding=UTF-8 -Duser.country=CN -Duser.language=zh -Duser.variant -ea 
2020-07-17 10:40:38,217 [     96]   INFO -        #com.intellij.idea.Main - charsets: JNU=UTF-8 file=UTF-8 
2020-07-17 10:40:38,232 [    111]   INFO -        #com.intellij.idea.Main - JNA library (64-bit) loaded in 48 ms 
2020-07-17 10:40:38,622 [    501]   INFO - plication.impl.ApplicationImpl - CPU cores: 8; ForkJoinPool.commonPool: java.util.concurrent.ForkJoinPool@16cfce48[Running, parallelism = 7, size = 0, active = 0, running = 0, steals = 0, tasks = 0, submissions = 0]; factory: com.intellij.concurrency.IdeaForkJoinWorkerThreadFactory@6b2792ac 
2020-07-17 10:40:39,216 [   1095]   INFO - .intellij.util.EnvironmentUtil - shell environment loaded (23 vars) 
2020-07-17 10:40:41,508 [   3387]   INFO - m.intellij.ui.mac.touchbar.NST - nst library works properly, successfully created and released native touchbar object 
2020-07-17 10:40:46,372 [   8251]   INFO - tellij.diagnostic.LoadingPhase - Reached SPLASH loading phase 
2020-07-17 10:40:46,543 [   8422]   INFO - llij.ide.plugins.PluginManager - Cannot find optional descriptor duplicates-groovy.xml 
2020-07-17 10:40:46,544 [   8423]   INFO - llij.ide.plugins.PluginManager - Cannot find optional descriptor duplicates-detection-groovy.xml 
2020-07-17 10:40:46,617 [   8496]   INFO - llij.ide.plugins.PluginManager - Cannot find optional descriptor profiler-java.xml 
2020-07-17 10:40:46,734 [   8613]   INFO - llij.ide.plugins.PluginManager - Loaded bundled plugins: Android Support (10.3.4), Ant (192.6817.14), Bytecode Viewer (192.6817.14), ChangeReminder (192.6817.14), Configuration Script (192.6817.14), Copyright (192.6817.14), Coverage (192.6817.14), Eclipse Interoperability (192.6817.14), EditorConfig (192.6817.14), Git (192.6817.14), GitHub (192.6817.14), Gradle (192.6817.14), Gradle-Maven (192.6817.14), Groovy (192.6817.14), IDEA CORE (192.6817.14), IntelliLang (192.6817.14), JUnit (192.6817.14), Java (192.6817.14), Java Bytecode Decompiler (192.6817.14), Java IDE Customization (192.6817.14), Java Internationalization (192.6817.14), Java Stream Debugger (192.6817.14), JavaFX (192.6817.14), Kotlin (1.3.41-release-IJ2019.2-1), Machine Learning Code Completion (192.6817.14), Markdown (192.6817.14), Maven (192.6817.14), Mercurial (192.6817.14), Plugin DevKit (192.6817.14), Properties (192.6817.14), Settings Repository (192.6817.14), Shell Script (192.6817.14), Smali Support (192.6817.14), Subversion (192.6817.14), Task Management (192.6817.14), Terminal (192.6817.14), TestNG (192.6817.14), TextMate bundles (192.6817.14), UI Designer (192.6817.14), XPathView + XSLT (192.6817.14), XSLT Debugger (192.6817.14), YAML (192.6817.14) 
2020-07-17 10:40:46,734 [   8613]   INFO - llij.ide.plugins.PluginManager - Loaded custom plugins: Plugin display name here (1.0-SNAPSHOT) 
2020-07-17 10:40:47,233 [   9112]   INFO - tellij.diagnostic.LoadingPhase - Reached CONFIGURATION_STORE_INITIALIZED loading phase 
2020-07-17 10:40:47,314 [   9193]   INFO - ellij.vfs.persistent.FSRecords - Marking VFS as corrupted: '/Users/wangwei/Downloads/gerkin-refectoring/build/idea-sandbox/system/caches/names.dat' does not exist 
2020-07-17 10:40:47,315 [   9194]   INFO - ellij.util.io.PagedFileStorage - lower=100; upper=492; buffer=10; max=492 
2020-07-17 10:40:47,354 [   9233]   INFO - pl.local.NativeFileWatcherImpl - Starting file watcher: /Users/wangwei/.gradle/caches/modules-2/files-2.1/com.jetbrains.intellij.idea/ideaIC/2019.2.3/654e395e5806d1f0a4741d2f324e48012be56949/ideaIC-2019.2.3/bin/mac/fsnotifier 
2020-07-17 10:40:47,359 [   9238]   INFO - pl.local.NativeFileWatcherImpl - Native file watcher is operational. 
2020-07-17 10:40:47,791 [   9670]   INFO - .history.utils.LocalHistoryLog - local history version mismatch (was: 0, expected: 6), rebuilding... 
2020-07-17 10:40:47,791 [   9670]   INFO - .history.utils.LocalHistoryLog - FS has been rebuild, rebuilding local history... 
2020-07-17 10:40:48,030 [   9909]   INFO - til.net.ssl.CertificateManager - Default SSL context initialized 
2020-07-17 10:40:48,031 [   9910]   WARN - j.internal.DebugAttachDetector - Unable to start DebugAttachDetector, please add `--add-exports=java.base/jdk.internal.vm=ALL-UNNAMED` to VM options 
2020-07-17 10:40:48,055 [   9934]   INFO - rains.ide.BuiltInServerManager - built-in server started, port 63343 
2020-07-17 10:40:48,262 [  10141]   INFO - il.indexing.FileBasedIndexImpl - File index extensions iterated:116 
2020-07-17 10:40:48,636 [  10515]   INFO - ij.psi.stubs.StubUpdatingIndex - Following new file types will be indexed:KJSM,Markdown,XML,CLASS,JAVA,KNM,Kotlin,kotlin_builtins,Properties,DGM File Type,Groovy,HTML 
2020-07-17 10:40:48,960 [  10839]   INFO - tellij.diagnostic.LoadingPhase - Reached FRAME_SHOWN loading phase 
2020-07-17 10:40:49,009 [  10888]   INFO - pl$FileIndexDataInitialization - Initialization done:864 
2020-07-17 10:40:49,132 [  11011]   INFO - exImpl$StubIndexInitialization - Initialization done:123 
2020-07-17 10:40:49,229 [  11108]   INFO - com.intellij.ide.ui.UISettings - Loaded: fontSize=12, fontScale=1.0; restored: fontSize=12, fontScale=1.0 
2020-07-17 10:40:49,716 [  11595]   INFO - j.ide.ui.OptionsTopHitProvider - 853 ms spent to cache options in application 
2020-07-17 10:40:49,895 [  11774]   INFO - pi.util.registry.RegistryValue - Registry value 'java.completion.argument.hints' has changed to 'false' 
2020-07-17 10:40:49,895 [  11774]   INFO - pi.util.registry.RegistryValue - Registry value 'java.completion.argument.hints.internal' has changed to 'false' 
2020-07-17 10:41:58,820 [  80699]   INFO - rationStore.ComponentStoreImpl - Saving appDaemonCodeAnalyzerSettings took 19 ms, DebuggerSettings took 17 ms 
2020-07-17 10:41:59,150 [  81029]   INFO - stubs.SerializationManagerImpl - START StubSerializationManager SHUTDOWN 
2020-07-17 10:41:59,151 [  81030]   INFO - stubs.SerializationManagerImpl - END StubSerializationManager SHUTDOWN 
2020-07-17 10:41:59,151 [  81030]   INFO - il.indexing.FileBasedIndexImpl - START INDEX SHUTDOWN 
2020-07-17 10:41:59,168 [  81047]   INFO - il.indexing.FileBasedIndexImpl - END INDEX SHUTDOWN 
2020-07-17 10:41:59,171 [  81050]   INFO - org.jetbrains.io.BuiltInServer - web server stopped 
2020-07-17 10:41:59,173 [  81052]   INFO - Types.impl.FileTypeManagerImpl - FileTypeManager: 0 auto-detected files
Elapsed time on auto-detect: 0 ms 
2020-07-17 10:41:59,176 [  81055]   INFO - pl.local.NativeFileWatcherImpl - Watcher terminated with exit code 0 
2020-07-17 10:41:59,176 [  81055]   INFO - newvfs.persistent.PersistentFS - VFS dispose started 
2020-07-17 10:41:59,178 [  81057]   INFO - newvfs.persistent.PersistentFS - VFS dispose completed 
2020-07-17 10:41:59,179 [  81058]   INFO - plication.impl.ApplicationImpl - Write action Statistics:
Event number:     2
Total time spent: 121ms
Average duration: 60ms
Median  duration: 0ms
Max     duration: 116ms (it was 'write action (class com.intellij.openapi.projectRoots.impl.DefaultJdkConfigurator$$Lambda$638/0x000000080078fc40)') 
2020-07-17 10:41:59,179 [  81058]   INFO - plication.impl.ApplicationImpl - AnAction.update() Statistics:
Event number:     59
Total time spent: 99ms
Average duration: 1ms
Median  duration: 0ms
Max     duration: 99ms (it was 'Create New Project action update (class com.intellij.ide.actions.NewProjectAction)') 
2020-07-17 10:41:59,179 [  81058]   INFO - plication.impl.ApplicationImpl - Global instance threads created counter = 8; ProcessIOExecutorService threads: 3 
2020-07-17 10:41:59,180 [  81059]   INFO -        #com.intellij.idea.Main - ------------------------------------------------------ IDE SHUTDOWN ------------------------------------------------------ 
2020-07-17 10:41:59,182 [  81061]   INFO - org.jetbrains.io.BuiltInServer - web server stopped 
